<?xml version="1.0" encoding="UTF-8"?>
<!-- Generated by org.testng.reporters.JUnitXMLReporter -->
<testsuite ignored="0" hostname="LAPTOP-Aditya" failures="0" tests="5" name="Surefire test" time="0.059" errors="0" timestamp="2026-09-23T16:24:36 IST">
  <testcase classname="pac1.CreateContactTest" name="createContactTest" time="0.01"/>
  <testcase classname="pac1.CreateContactTest" name="deleteContactTest" time="0.002"/>
  <testcase classname="pac1.CreateContactTest" name="modifyContactTest" time="0.001"/>
  <testcase classname="pac2.OrgTest$CreateOrgTest" name="createContactTest" time="0.0"/>
  <testcase classname="pac2.OrgTest$CreateOrgTest" name="modifyOrgTest" time="0.003"/>
</testsuite> <!-- Surefire test -->
