<?xml version="1.0" encoding="UTF-8"?>
<!-- Generated by org.testng.reporters.JUnitXMLReporter -->
<testsuite ignored="0" hostname="LAPTOP-Aditya" failures="0" tests="4" name="Surefire test" time="0.049" errors="0" timestamp="2026-09-23T13:24:06 IST">
  <testcase classname="pac1.CreateContactTest" name="createContactTest" time="0.007"/>
  <testcase classname="pac1.CreateContactTest" name="modifyContactTest" time="0.001"/>
  <testcase classname="pac2.OrgTest$CreateOrgTest" name="createContactTest" time="0.001"/>
  <testcase classname="pac2.OrgTest$CreateOrgTest" name="modifyOrgTest" time="0.001"/>
</testsuite> <!-- Surefire test -->
