<?xml version="1.0" encoding="UTF-8"?>
<!-- Generated by org.testng.reporters.JUnitReportReporter -->
<testsuite hostname="LAPTOP-Aditya" failures="0" tests="2" name="pac2.OrgTest$CreateOrgTest" time="0.002" errors="0" timestamp="2026-09-23T13:24:06 IST" skipped="0">
  <testcase classname="pac2.OrgTest$CreateOrgTest" name="modifyOrgTest" time="0.001"/>
  <system-out/>
  <testcase classname="pac2.OrgTest$CreateOrgTest" name="createContactTest" time="0.001"/>
  <system-out/>
</testsuite> <!-- pac2.OrgTest$CreateOrgTest -->
