<?xml version="1.0" encoding="UTF-8"?>
<!-- Generated by org.testng.reporters.JUnitReportReporter -->
<testsuite hostname="LAPTOP-Aditya" failures="0" tests="3" name="pac1.CreateContactTest" time="0.013" errors="0" timestamp="2026-09-23T16:24:36 IST" skipped="0">
  <testcase classname="pac1.CreateContactTest" name="createContactTest" time="0.010"/>
  <system-out/>
  <testcase classname="pac1.CreateContactTest" name="modifyContactTest" time="0.001"/>
  <system-out/>
  <testcase classname="pac1.CreateContactTest" name="deleteContactTest" time="0.002"/>
  <system-out/>
</testsuite> <!-- pac1.CreateContactTest -->
