<?xml version="1.0" encoding="UTF-8"?>
<!-- Generated by org.testng.reporters.JUnitReportReporter -->
<testsuite hostname="LAPTOP-Aditya" failures="0" tests="2" name="pac1.CreateContactTest" time="0.008" errors="0" timestamp="2026-09-23T13:24:06 IST" skipped="0">
  <testcase classname="pac1.CreateContactTest" name="modifyContactTest" time="0.001"/>
  <system-out/>
  <testcase classname="pac1.CreateContactTest" name="createContactTest" time="0.007"/>
  <system-out/>
</testsuite> <!-- pac1.CreateContactTest -->
