<?xml version="1.0" encoding="UTF-8"?>
<!-- Generated by org.testng.reporters.JUnitXMLReporter -->
<testsuite ignored="0" hostname="LAPTOP-Aditya" failures="0" tests="3" name="Test" time="0.053" errors="0" timestamp="2026-09-23T16:18:14 IST">
  <testcase classname="pac1.CreateContactTest" name="createContactTest" time="0.008"/>
  <testcase classname="pac1.CreateContactTest" name="deleteContactTest" time="0.001"/>
  <testcase classname="pac1.CreateContactTest" name="modifyContactTest" time="0.001"/>
</testsuite> <!-- Test -->
